[debug] [2022-07-15T10:16:15.952Z] ----------------------------------------------------------------------
[debug] [2022-07-15T10:16:15.952Z] Command:       /opt/homebrew/Cellar/node/18.0.0/bin/node /opt/homebrew/bin/firebase init
[debug] [2022-07-15T10:16:15.953Z] CLI Version:   11.2.2
[debug] [2022-07-15T10:16:15.953Z] Platform:      darwin
[debug] [2022-07-15T10:16:15.953Z] Node Version:  v18.0.0
[debug] [2022-07-15T10:16:15.954Z] Time:          Fri Jul 15 2022 20:16:15 GMT+1000 (Australian Eastern Standard Time)
[debug] [2022-07-15T10:16:15.954Z] ----------------------------------------------------------------------
[debug] 
[debug] [2022-07-15T10:16:15.956Z] >>> [apiv2][query] GET https://firebase-public.firebaseio.com/cli.json [none]
[debug] [2022-07-15T10:16:15.969Z] > command requires scopes: ["email","openid","https://www.googleapis.com/auth/cloudplatformprojects.readonly","https://www.googleapis.com/auth/firebase","https://www.googleapis.com/auth/cloud-platform"]
[debug] [2022-07-15T10:16:15.969Z] > authorizing via signed-in user (dillonhunt2005@gmail.com)
[info] 
     ######## #### ########  ######## ########     ###     ######  ########
     ##        ##  ##     ## ##       ##     ##  ##   ##  ##       ##
     ######    ##  ########  ######   ########  #########  ######  ######
     ##        ##  ##    ##  ##       ##     ## ##     ##       ## ##
     ##       #### ##     ## ######## ########  ##     ##  ######  ########

You're about to initialize a Firebase project in this directory:

  /Users/DHunt/Programming/Cafe Web App/cafe-web-app

[debug] [2022-07-15T10:16:16.721Z] <<< [apiv2][status] GET https://firebase-public.firebaseio.com/cli.json 200
[debug] [2022-07-15T10:16:16.721Z] <<< [apiv2][body] GET https://firebase-public.firebaseio.com/cli.json {"cloudBuildErrorAfter":1594252800000,"cloudBuildWarnAfter":1590019200000,"defaultNode10After":1594252800000,"minVersion":"3.0.5","node8DeploysDisabledAfter":1613390400000,"node8RuntimeDisabledAfter":1615809600000,"node8WarnAfter":1600128000000}
